<?xml version="1.0" encoding="UTF-8"?>
<!-- Generated by org.testng.reporters.JUnitXMLReporter -->
<testsuite ignored="0" hostname="DESKTOP-3S99A5H" failures="0" tests="6" name="Test" time="0.114" errors="0" timestamp="2021-10-05T16:27:10 IST">
  <testcase classname="groups.TestngGroupsDemo" name="test1" time="0.014"/>
  <testcase classname="groups.TestngGroupsDemo" name="test2" time="0.008"/>
  <testcase classname="groups.TestngGroupsDemo" name="test3" time="0.003"/>
  <testcase classname="groups.TestngGroupsDemo" name="test4" time="0.002"/>
  <testcase classname="groups.TestngGroupsDemo" name="test5" time="0.002"/>
  <testcase classname="groups.TestngGroupsDemo" name="test6" time="0.002"/>
</testsuite> <!-- Test -->
