<?xml version="1.0" encoding="UTF-8"?>
<testng-results ignored="0" total="2" passed="2" failed="0" skipped="0">
  <reporter-output>
  </reporter-output>
  <suite started-at="2021-09-28T15:28:32 IST" name="Default suite" finished-at="2021-09-28T15:28:47 IST" duration-ms="15271">
    <groups>
    </groups>
    <test started-at="2021-09-28T15:28:32 IST" name="Default test" finished-at="2021-09-28T15:28:47 IST" duration-ms="15271">
      <class name="utils.ExcelDataProvider">
        <test-method is-config="true" signature="setUpTest()[pri:0, instance:utils.ExcelDataProvider@37afeb11]" started-at="2021-09-28T15:28:32 IST" name="setUpTest" finished-at="2021-09-28T15:28:35 IST" duration-ms="2402" status="PASS">
          <reporter-output>
          </reporter-output>
        </test-method> <!-- setUpTest -->
        <test-method signature="test1(java.lang.String,java.lang.String)[pri:0, instance:utils.ExcelDataProvider@37afeb11]" started-at="2021-09-28T15:28:36 IST" name="test1" data-provider="test1data" finished-at="2021-09-28T15:28:42 IST" duration-ms="6223" status="PASS">
          <params>
            <param index="0">
              <value>
                <![CDATA[lokesh]]>
              </value>
            </param>
            <param index="1">
              <value>
                <![CDATA[lokesh123]]>
              </value>
            </param>
          </params>
          <reporter-output>
          </reporter-output>
        </test-method> <!-- test1 -->
        <test-method signature="test1(java.lang.String,java.lang.String)[pri:0, instance:utils.ExcelDataProvider@37afeb11]" started-at="2021-09-28T15:28:42 IST" name="test1" data-provider="test1data" finished-at="2021-09-28T15:28:45 IST" duration-ms="3222" status="PASS">
          <params>
            <param index="0">
              <value>
                <![CDATA[unnathi]]>
              </value>
            </param>
            <param index="1">
              <value>
                <![CDATA[unnathi123]]>
              </value>
            </param>
          </params>
          <reporter-output>
          </reporter-output>
        </test-method> <!-- test1 -->
        <test-method is-config="true" signature="tearDown()[pri:0, instance:utils.ExcelDataProvider@37afeb11]" started-at="2021-09-28T15:28:45 IST" name="tearDown" finished-at="2021-09-28T15:28:47 IST" duration-ms="2098" status="PASS">
          <reporter-output>
          </reporter-output>
        </test-method> <!-- tearDown -->
      </class> <!-- utils.ExcelDataProvider -->
    </test> <!-- Default test -->
  </suite> <!-- Default suite -->
</testng-results>
